Flow report for Eth_max10
Thu Aug 02 16:04:08 2018
Quartus Prime Version 16.0.0 Build 211 04/27/2016 SJ Standard Edition


---------------------
; Table of Contents ;
---------------------
  1. Legal Notice
  2. Flow Summary
  3. Flow Settings
  4. Flow Non-Default Global Settings
  5. Flow Elapsed Time
  6. Flow OS Summary
  7. Flow Log
  8. Flow Messages
  9. Flow Suppressed Messages



----------------
; Legal Notice ;
----------------
Copyright (C) 1991-2016 Altera Corporation. All rights reserved.
Your use of Altera Corporation's design tools, logic functions 
and other software and tools, and its AMPP partner logic 
functions, and any output files from any of the foregoing 
(including device programming or simulation files), and any 
associated documentation or information are expressly subject 
to the terms and conditions of the Altera Program License 
Subscription Agreement, the Altera Quartus Prime License Agreement,
the Altera MegaCore Function License Agreement, or other 
applicable license agreement, including, without limitation, 
that your use is for the sole purpose of programming logic 
devices manufactured by Altera and sold by Altera or its 
authorized distributors.  Please refer to the applicable 
agreement for further details.



+--------------------------------------------------------------------------------------+
; Flow Summary                                                                         ;
+------------------------------------+-------------------------------------------------+
; Flow Status                        ; Successful - Thu Aug 02 16:03:47 2018           ;
; Quartus Prime Version              ; 16.0.0 Build 211 04/27/2016 SJ Standard Edition ;
; Revision Name                      ; Eth_max10                                       ;
; Top-level Entity Name              ; top                                             ;
; Family                             ; MAX 10                                          ;
; Device                             ; 10M50DAF484C6GES                                ;
; Timing Models                      ; Preliminary                                     ;
; Total logic elements               ; 9,500 / 49,760 ( 19 % )                         ;
;     Total combinational functions  ; 7,387 / 49,760 ( 15 % )                         ;
;     Dedicated logic registers      ; 5,978 / 49,760 ( 12 % )                         ;
; Total registers                    ; 5990                                            ;
; Total pins                         ; 27 / 360 ( 8 % )                                ;
; Total virtual pins                 ; 0                                               ;
; Total memory bits                  ; 608,769 / 1,677,312 ( 36 % )                    ;
; Embedded Multiplier 9-bit elements ; 0 / 288 ( 0 % )                                 ;
; Total PLLs                         ; 1 / 4 ( 25 % )                                  ;
; UFM blocks                         ; 0 / 1 ( 0 % )                                   ;
; ADC blocks                         ; 0 / 2 ( 0 % )                                   ;
+------------------------------------+-------------------------------------------------+


+-----------------------------------------+
; Flow Settings                           ;
+-------------------+---------------------+
; Option            ; Setting             ;
+-------------------+---------------------+
; Start date & time ; 08/02/2018 15:59:03 ;
; Main task         ; Compilation         ;
; Revision Name     ; Eth_max10           ;
+-------------------+---------------------+


+---------------------------------------------------------------------------------------------------------------------------------------------+
; Flow Non-Default Global Settings                                                                                                            ;
+-------------------------------------+------------------------------------------------------------+---------------+-------------+------------+
; Assignment Name                     ; Value                                                      ; Default Value ; Entity Name ; Section Id ;
+-------------------------------------+------------------------------------------------------------+---------------+-------------+------------+
; COMPILER_SIGNATURE_ID               ; 202347980645884.153320574304996                            ; --            ; --          ; --         ;
; FITTER_EFFORT                       ; Standard Fit                                               ; Auto Fit      ; --          ; --         ;
; MAX_CORE_JUNCTION_TEMP              ; 85                                                         ; --            ; --          ; --         ;
; MIN_CORE_JUNCTION_TEMP              ; 0                                                          ; --            ; --          ; --         ;
; MISC_FILE                           ; platform/pll_bb.v                                          ; --            ; --          ; --         ;
; MISC_FILE                           ; platform/pll.ppf                                           ; --            ; --          ; --         ;
; MISC_FILE                           ; platform/gtx_clk.cmp                                       ; --            ; --          ; --         ;
; MISC_FILE                           ; platform/qsys_top/synthesis/../../../qsys_top.qsys         ; --            ; --          ; --         ;
; MISC_FILE                           ; platform/clkctrl/synthesis/../../../clkctrl.qsys           ; --            ; --          ; --         ;
; PARTITION_COLOR                     ; 16764057                                                   ; --            ; top         ; Top        ;
; PARTITION_FITTER_PRESERVATION_LEVEL ; PLACEMENT_AND_ROUTING                                      ; --            ; top         ; Top        ;
; PARTITION_NETLIST_TYPE              ; SOURCE                                                     ; --            ; top         ; Top        ;
; POWER_BOARD_THERMAL_MODEL           ; None (CONSERVATIVE)                                        ; --            ; --          ; --         ;
; POWER_PRESET_COOLING_SOLUTION       ; 23 MM HEAT SINK WITH 200 LFPM AIRFLOW                      ; --            ; --          ; --         ;
; PROJECT_OUTPUT_DIRECTORY            ; output_files                                               ; --            ; --          ; --         ;
; ROUTER_TIMING_OPTIMIZATION_LEVEL    ; MAXIMUM                                                    ; Normal        ; --          ; --         ;
; SEED                                ; 2                                                          ; 1             ; --          ; --         ;
; SLD_INFO                            ; QSYS_NAME clkctrl HAS_SOPCINFO 1 GENERATION_ID 1451470251  ; --            ; clkctrl     ; --         ;
; SLD_INFO                            ; QSYS_NAME qsys_top HAS_SOPCINFO 1 GENERATION_ID 1451470409 ; --            ; qsys_top    ; --         ;
; SOPCINFO_FILE                       ; platform/qsys_top/synthesis/../qsys_top.sopcinfo           ; --            ; --          ; --         ;
; SOPCINFO_FILE                       ; platform/clkctrl/synthesis/../clkctrl.sopcinfo             ; --            ; --          ; --         ;
; SYNTHESIS_ONLY_QIP                  ; On                                                         ; --            ; --          ; --         ;
; SYNTHESIS_ONLY_QIP                  ; On                                                         ; --            ; --          ; --         ;
; SYNTHESIS_ONLY_QIP                  ; On                                                         ; --            ; --          ; --         ;
; TOP_LEVEL_ENTITY                    ; top                                                        ; Eth_max10     ; --          ; --         ;
+-------------------------------------+------------------------------------------------------------+---------------+-------------+------------+


+-------------------------------------------------------------------------------------------------------------------------------+
; Flow Elapsed Time                                                                                                             ;
+---------------------------+--------------+-------------------------+---------------------+------------------------------------+
; Module Name               ; Elapsed Time ; Average Processors Used ; Peak Virtual Memory ; Total CPU Time (on all processors) ;
+---------------------------+--------------+-------------------------+---------------------+------------------------------------+
; Analysis & Synthesis      ; 00:01:47     ; 1.0                     ; 1060 MB             ; 00:02:25                           ;
; Fitter                    ; 00:02:39     ; 1.2                     ; 1634 MB             ; 00:03:43                           ;
; Assembler                 ; 00:00:01     ; 1.0                     ; 762 MB              ; 00:00:01                           ;
; TimeQuest Timing Analyzer ; 00:00:19     ; 1.5                     ; 989 MB              ; 00:00:27                           ;
; Total                     ; 00:04:46     ; --                      ; --                  ; 00:06:36                           ;
+---------------------------+--------------+-------------------------+---------------------+------------------------------------+


+----------------------------------------------------------------------------------------+
; Flow OS Summary                                                                        ;
+---------------------------+------------------+-----------+------------+----------------+
; Module Name               ; Machine Hostname ; OS Name   ; OS Version ; Processor type ;
+---------------------------+------------------+-----------+------------+----------------+
; Analysis & Synthesis      ; CGSCLRD53583941  ; Windows 7 ; 6.1        ; x86_64         ;
; Fitter                    ; CGSCLRD53583941  ; Windows 7 ; 6.1        ; x86_64         ;
; Assembler                 ; CGSCLRD53583941  ; Windows 7 ; 6.1        ; x86_64         ;
; TimeQuest Timing Analyzer ; CGSCLRD53583941  ; Windows 7 ; 6.1        ; x86_64         ;
+---------------------------+------------------+-----------+------------+----------------+


------------
; Flow Log ;
------------
quartus_map --read_settings_files=on --write_settings_files=off Eth_max10 -c Eth_max10
quartus_fit --read_settings_files=off --write_settings_files=off Eth_max10 -c Eth_max10
quartus_asm --read_settings_files=off --write_settings_files=off Eth_max10 -c Eth_max10
quartus_sta Eth_max10 -c Eth_max10



